{
  "RSpec": {
    "coverage": {
      "/Users/harryplumer/Documents/DPL/week5/day2/roster_manager/config/environment.rb": [
        null,
        1,
        null,
        null,
        1
      ],
      "/Users/harryplumer/Documents/DPL/week5/day2/roster_manager/config/application.rb": [
        1,
        null,
        1,
        null,
        1,
        1,
        1,
        1,
        1,
        1,
        1,
        1,
        null,
        null,
        null,
        null,
        1,
        null,
        1,
        1,
        null,
        1,
        null,
        null,
        null,
        null,
        null,
        null,
        1,
        null,
        null
      ],
      "/Users/harryplumer/Documents/DPL/week5/day2/roster_manager/config/boot.rb": [
        1,
        null,
        1
      ],
      "/Users/harryplumer/Documents/DPL/week5/day2/roster_manager/config/environments/test.rb": [
        1,
        null,
        null,
        null,
        null,
        null,
        null,
        1,
        null,
        null,
        null,
        null,
        1,
        null,
        null,
        1,
        1,
        null,
        null,
        null,
        null,
        1,
        1,
        null,
        null,
        1,
        null,
        null,
        1,
        1,
        null,
        null,
        null,
        null,
        1,
        null,
        null,
        1,
        null,
        null,
        null,
        null
      ],
      "/Users/harryplumer/Documents/DPL/week5/day2/roster_manager/config/initializers/application_controller_renderer.rb": [
        null,
        null,
        null,
        null,
        null,
        null,
        null,
        null
      ],
      "/Users/harryplumer/Documents/DPL/week5/day2/roster_manager/config/initializers/assets.rb": [
        null,
        null,
        null,
        1,
        null,
        null,
        null,
        null,
        1,
        null,
        null,
        null,
        null,
        null
      ],
      "/Users/harryplumer/Documents/DPL/week5/day2/roster_manager/config/initializers/backtrace_silencers.rb": [
        null,
        null,
        null,
        null,
        null,
        null,
        null
      ],
      "/Users/harryplumer/Documents/DPL/week5/day2/roster_manager/config/initializers/cookies_serializer.rb": [
        null,
        null,
        null,
        null,
        1
      ],
      "/Users/harryplumer/Documents/DPL/week5/day2/roster_manager/config/initializers/devise.rb": [
        null,
        null,
        1,
        null,
        null,
        null,
        null,
        null,
        null,
        null,
        null,
        null,
        null,
        null,
        1,
        null,
        null,
        null,
        null,
        null,
        null,
        null,
        null,
        null,
        null,
        null,
        1,
        null,
        null,
        null,
        null,
        null,
        null,
        null,
        null,
        null,
        null,
        null,
        null,
        null,
        null,
        null,
        null,
        null,
        null,
        null,
        null,
        null,
        1,
        null,
        null,
        null,
        null,
        1,
        null,
        null,
        null,
        null,
        null,
        null,
        null,
        null,
        null,
        null,
        null,
        null,
        null,
        null,
        null,
        null,
        null,
        null,
        null,
        null,
        null,
        null,
        null,
        null,
        null,
        null,
        null,
        null,
        null,
        null,
        1,
        null,
        null,
        null,
        null,
        null,
        null,
        null,
        null,
        null,
        null,
        null,
        null,
        null,
        null,
        null,
        null,
        null,
        null,
        null,
        null,
        null,
        null,
        1,
        null,
        null,
        null,
        null,
        null,
        null,
        null,
        null,
        null,
        null,
        null,
        null,
        null,
        null,
        null,
        null,
        null,
        null,
        null,
        null,
        null,
        null,
        null,
        null,
        null,
        null,
        null,
        null,
        null,
        null,
        1,
        null,
        null,
        null,
        null,
        null,
        null,
        null,
        null,
        null,
        1,
        null,
        null,
        null,
        null,
        null,
        null,
        null,
        null,
        null,
        null,
        1,
        null,
        null,
        null,
        null,
        1,
        null,
        null,
        null,
        null,
        null,
        null,
        null,
        null,
        null,
        null,
        null,
        null,
        null,
        null,
        null,
        null,
        null,
        null,
        null,
        null,
        null,
        null,
        null,
        null,
        null,
        null,
        null,
        null,
        null,
        null,
        null,
        null,
        null,
        null,
        null,
        null,
        null,
        null,
        null,
        null,
        1,
        null,
        null,
        null,
        null,
        null,
        null,
        null,
        null,
        null,
        null,
        null,
        null,
        null,
        null,
        null,
        null,
        null,
        null,
        null,
        null,
        null,
        null,
        null,
        null,
        null,
        null,
        null,
        null,
        null,
        null,
        null,
        null,
        null,
        null,
        null,
        null,
        null,
        null,
        null,
        null,
        null,
        1,
        null,
        null,
        null,
        null,
        null,
        null,
        null,
        null,
        null,
        null,
        null,
        null,
        null,
        null,
        null,
        null,
        null,
        null,
        null,
        null,
        null,
        null,
        null,
        null,
        null,
        null,
        null,
        null,
        null
      ],
      "/Users/harryplumer/Documents/DPL/week5/day2/roster_manager/config/initializers/filter_parameter_logging.rb": [
        null,
        null,
        null,
        1
      ],
      "/Users/harryplumer/Documents/DPL/week5/day2/roster_manager/config/initializers/inflections.rb": [
        null,
        null,
        null,
        null,
        null,
        null,
        null,
        null,
        null,
        null,
        null,
        null,
        null,
        null,
        null,
        null
      ],
      "/Users/harryplumer/Documents/DPL/week5/day2/roster_manager/config/initializers/mime_types.rb": [
        null,
        null,
        null,
        null
      ],
      "/Users/harryplumer/Documents/DPL/week5/day2/roster_manager/config/initializers/wrap_parameters.rb": [
        null,
        null,
        null,
        null,
        null,
        null,
        1,
        2,
        null,
        null,
        null,
        null,
        null,
        null
      ],
      "/Users/harryplumer/Documents/DPL/week5/day2/roster_manager/config/routes.rb": [
        1,
        1,
        1,
        1,
        null,
        null,
        1,
        null,
        null
      ],
      "/Users/harryplumer/Documents/DPL/week5/day2/roster_manager/app/models/user.rb": [
        1,
        null,
        null,
        1,
        null,
        null,
        1,
        1,
        null
      ],
      "/Users/harryplumer/Documents/DPL/week5/day2/roster_manager/app/models/application_record.rb": [
        1,
        1,
        null
      ],
      "/Users/harryplumer/Documents/DPL/week5/day2/roster_manager/app/helpers/application_helper.rb": [
        1,
        null
      ],
      "/Users/harryplumer/Documents/DPL/week5/day2/roster_manager/spec/support/controller_macros.rb": [
        1,
        1,
        2,
        28,
        28,
        null,
        28,
        null,
        null,
        null
      ],
      "/Users/harryplumer/Documents/DPL/week5/day2/roster_manager/app/controllers/players_controller.rb": [
        1,
        1,
        1,
        null,
        1,
        1,
        null,
        null,
        null,
        1,
        null,
        null,
        null,
        1,
        1,
        null,
        null,
        null,
        1,
        null,
        null,
        null,
        1,
        4,
        4,
        2,
        null,
        2,
        null,
        null,
        null,
        null,
        1,
        4,
        2,
        null,
        2,
        null,
        null,
        null,
        null,
        1,
        2,
        2,
        null,
        null,
        1,
        null,
        1,
        14,
        null,
        null,
        1,
        8,
        null,
        null,
        1,
        8,
        null,
        null
      ],
      "/Users/harryplumer/Documents/DPL/week5/day2/roster_manager/app/controllers/application_controller.rb": [
        1,
        1,
        1,
        null
      ],
      "/Users/harryplumer/Documents/DPL/week5/day2/roster_manager/spec/controllers/teams_controller_spec.rb": [
        1,
        null,
        1,
        1,
        1,
        10,
        null,
        1,
        4,
        null,
        null,
        9,
        null,
        1,
        1,
        1,
        1,
        null,
        null,
        null,
        1,
        1,
        1,
        1,
        null,
        null,
        null,
        1,
        1,
        1,
        1,
        null,
        null,
        null,
        1,
        1,
        1,
        1,
        null,
        null,
        null,
        1,
        1,
        null,
        1,
        1,
        1,
        null,
        null,
        null,
        1,
        1,
        1,
        null,
        null,
        null,
        null,
        1,
        null,
        1,
        1,
        1,
        null,
        null,
        null,
        1,
        1,
        1,
        null,
        null,
        null,
        null,
        1,
        1,
        3,
        null,
        1,
        1,
        1,
        null,
        null,
        1,
        1,
        1,
        null,
        null,
        null,
        null,
        1,
        1,
        1,
        1,
        null,
        1,
        1,
        1,
        null,
        null,
        null,
        null,
        1,
        1,
        1,
        1,
        1,
        null,
        null,
        1,
        1,
        1,
        null,
        null,
        null,
        null,
        null
      ],
      "/Users/harryplumer/Documents/DPL/week5/day2/roster_manager/app/controllers/teams_controller.rb": [
        1,
        1,
        null,
        null,
        1,
        1,
        null,
        null,
        null,
        1,
        null,
        null,
        null,
        1,
        1,
        null,
        null,
        null,
        1,
        null,
        null,
        null,
        1,
        4,
        4,
        2,
        null,
        2,
        null,
        null,
        null,
        null,
        1,
        4,
        2,
        null,
        2,
        null,
        null,
        null,
        null,
        1,
        2,
        2,
        null,
        null,
        null,
        1,
        1,
        8,
        null,
        null,
        1,
        8,
        null,
        null
      ],
      "/Users/harryplumer/Documents/DPL/week5/day2/roster_manager/spec/models/player_spec.rb": [
        1,
        null,
        1,
        1,
        7,
        7,
        null,
        null,
        1,
        2,
        2,
        2,
        2,
        null,
        null,
        null,
        1,
        2,
        null,
        null,
        1,
        1,
        1,
        null,
        null,
        null,
        1,
        1,
        1,
        null,
        null,
        null,
        null
      ],
      "/Users/harryplumer/Documents/DPL/week5/day2/roster_manager/app/models/player.rb": [
        1,
        1,
        1,
        1,
        null,
        1,
        1,
        null,
        null,
        1,
        1,
        null,
        null
      ],
      "/Users/harryplumer/Documents/DPL/week5/day2/roster_manager/spec/models/team_spec.rb": [
        1,
        null,
        1,
        null,
        1,
        1,
        2,
        null,
        null,
        1,
        2,
        null,
        1,
        2,
        null,
        null,
        null
      ],
      "/Users/harryplumer/Documents/DPL/week5/day2/roster_manager/app/models/team.rb": [
        1,
        1,
        1,
        null
      ],
      "/Users/harryplumer/Documents/DPL/week5/day2/roster_manager/spec/models/user_spec.rb": [
        1,
        null,
        1,
        1,
        1,
        2,
        2,
        2,
        null,
        null,
        null
      ],
      "/Users/harryplumer/Documents/DPL/week5/day2/roster_manager/spec/views/players/edit.html.erb_spec.rb": [
        1,
        null,
        1,
        1,
        null
      ],
      "/Users/harryplumer/Documents/DPL/week5/day2/roster_manager/spec/views/players/index.html.erb_spec.rb": [
        1,
        null,
        1,
        1,
        null
      ],
      "/Users/harryplumer/Documents/DPL/week5/day2/roster_manager/spec/views/players/new.html.erb_spec.rb": [
        1,
        null,
        1,
        1,
        null
      ],
      "/Users/harryplumer/Documents/DPL/week5/day2/roster_manager/spec/views/players/show.html.erb_spec.rb": [
        1,
        null,
        1,
        1,
        null
      ],
      "/Users/harryplumer/Documents/DPL/week5/day2/roster_manager/spec/views/teams/edit.html.erb_spec.rb": [
        1,
        null,
        1,
        1,
        null
      ],
      "/Users/harryplumer/Documents/DPL/week5/day2/roster_manager/spec/views/teams/index.html.erb_spec.rb": [
        1,
        null,
        1,
        1,
        null
      ],
      "/Users/harryplumer/Documents/DPL/week5/day2/roster_manager/spec/views/teams/new.html.erb_spec.rb": [
        1,
        null,
        1,
        1,
        null
      ],
      "/Users/harryplumer/Documents/DPL/week5/day2/roster_manager/spec/views/teams/show.html.erb_spec.rb": [
        1,
        null,
        1,
        1,
        null
      ]
    },
    "timestamp": 1505251793
  }
}
